0 verbose cli C:\Program Files\nodejs\node.exe C:\Program Files\nodejs\node_modules\npm\bin\npm-cli.js
1 info using npm@10.9.2
2 info using node@v23.6.1
3 silly config load:file:C:\Program Files\nodejs\node_modules\npm\npmrc
4 silly config load:file:C:\Users\Avi\OneDrive\Desktop\projects\eap\backend\.npmrc
5 silly config load:file:C:\Users\Avi\.npmrc
6 silly config load:file:C:\Users\Avi\OneDrive\Desktop\projects\eap\backend\UsersAviAppDataRoamingnpm\etc\npmrc
7 verbose title npm install passport passport-google-oauth20 passport-github2 passport-facebook express-session
8 verbose argv "install" "passport" "passport-google-oauth20" "passport-github2" "passport-facebook" "express-session"
9 verbose logfile logs-max:10 dir:C:\Users\Avi\OneDrive\Desktop\projects\eap\backend\UsersAviAppDataLocalnpm-cache\_logs\2025-07-05T03_49_02_112Z-
10 verbose logfile C:\Users\Avi\OneDrive\Desktop\projects\eap\backend\UsersAviAppDataLocalnpm-cache\_logs\2025-07-05T03_49_02_112Z-debug-0.log
11 silly logfile start cleaning logs, removing 1 files
12 silly packumentCache heap:2197815296 maxSize:549453824 maxEntrySize:274726912
13 silly logfile done cleaning log files
14 silly idealTree buildDeps
15 silly fetch manifest passport@*
16 silly packumentCache full:https://registry.npmjs.org/passport cache-miss
17 http fetch GET 200 https://registry.npmjs.org/passport 676ms (cache miss)
18 silly packumentCache full:https://registry.npmjs.org/passport set size:undefined disposed:false
19 silly fetch manifest passport-google-oauth20@*
20 silly packumentCache full:https://registry.npmjs.org/passport-google-oauth20 cache-miss
21 http fetch GET 200 https://registry.npmjs.org/passport-google-oauth20 147ms (cache miss)
22 silly packumentCache full:https://registry.npmjs.org/passport-google-oauth20 set size:undefined disposed:false
23 silly fetch manifest passport-github2@*
24 silly packumentCache full:https://registry.npmjs.org/passport-github2 cache-miss
25 http fetch GET 200 https://registry.npmjs.org/passport-github2 967ms (cache miss)
26 silly packumentCache full:https://registry.npmjs.org/passport-github2 set size:undefined disposed:false
27 silly fetch manifest passport-facebook@*
28 silly packumentCache full:https://registry.npmjs.org/passport-facebook cache-miss
29 http fetch GET 200 https://registry.npmjs.org/passport-facebook 1060ms (cache miss)
30 silly packumentCache full:https://registry.npmjs.org/passport-facebook set size:undefined disposed:false
31 silly fetch manifest express-session@*
32 silly packumentCache full:https://registry.npmjs.org/express-session cache-miss
33 http fetch GET 200 https://registry.npmjs.org/express-session 134ms (cache miss)
34 silly packumentCache full:https://registry.npmjs.org/express-session set size:undefined disposed:false
35 silly placeDep ROOT express-session@1.18.1 OK for: backend@1.0.0 want: *
36 silly placeDep ROOT passport@0.7.0 OK for: backend@1.0.0 want: *
37 silly placeDep ROOT passport-facebook@3.0.0 OK for: backend@1.0.0 want: *
38 silly placeDep ROOT passport-github2@0.1.12 OK for: backend@1.0.0 want: *
39 silly placeDep ROOT passport-google-oauth20@2.0.0 OK for: backend@1.0.0 want: *
40 silly fetch manifest debug@2.6.9
41 silly packumentCache full:https://registry.npmjs.org/debug cache-miss
42 silly fetch manifest uid-safe@~2.1.5
43 silly packumentCache full:https://registry.npmjs.org/uid-safe cache-miss
44 silly fetch manifest on-headers@~1.0.2
45 silly packumentCache full:https://registry.npmjs.org/on-headers cache-miss
46 silly fetch manifest cookie-signature@1.0.7
47 silly packumentCache full:https://registry.npmjs.org/cookie-signature cache-miss
48 silly fetch manifest pause@0.0.1
49 silly packumentCache full:https://registry.npmjs.org/pause cache-miss
50 silly fetch manifest utils-merge@^1.0.1
51 silly packumentCache full:https://registry.npmjs.org/utils-merge cache-miss
52 silly fetch manifest passport-strategy@1.x.x
53 silly packumentCache full:https://registry.npmjs.org/passport-strategy cache-miss
54 silly fetch manifest passport-oauth2@1.x.x
55 silly packumentCache full:https://registry.npmjs.org/passport-oauth2 cache-miss
56 silly fetch manifest passport-oauth2@1.x.x
57 silly packumentCache full:https://registry.npmjs.org/passport-oauth2 cache-miss
58 silly fetch manifest passport-oauth2@1.x.x
59 silly packumentCache full:https://registry.npmjs.org/passport-oauth2 cache-miss
60 http fetch GET 200 https://registry.npmjs.org/utils-merge 378ms (cache miss)
61 silly packumentCache full:https://registry.npmjs.org/utils-merge set size:undefined disposed:false
62 http fetch GET 200 https://registry.npmjs.org/on-headers 384ms (cache miss)
63 silly packumentCache full:https://registry.npmjs.org/on-headers set size:undefined disposed:false
64 http fetch GET 200 https://registry.npmjs.org/pause 387ms (cache miss)
65 silly packumentCache full:https://registry.npmjs.org/pause set size:undefined disposed:false
66 http fetch GET 200 https://registry.npmjs.org/cookie-signature 421ms (cache revalidated)
67 silly packumentCache full:https://registry.npmjs.org/cookie-signature set size:21777 disposed:false
68 http fetch GET 200 https://registry.npmjs.org/debug 427ms (cache revalidated)
69 silly packumentCache full:https://registry.npmjs.org/debug set size:193521 disposed:false
70 http fetch GET 200 https://registry.npmjs.org/passport-strategy 432ms (cache miss)
71 silly packumentCache full:https://registry.npmjs.org/passport-strategy set size:undefined disposed:false
72 http fetch GET 200 https://registry.npmjs.org/passport-oauth2 433ms (cache miss)
73 silly packumentCache full:https://registry.npmjs.org/passport-oauth2 set size:undefined disposed:false
74 http fetch GET 200 https://registry.npmjs.org/uid-safe 977ms (cache miss)
75 silly packumentCache full:https://registry.npmjs.org/uid-safe set size:undefined disposed:false
76 http fetch GET 200 https://registry.npmjs.org/passport-oauth2 1158ms (cache miss)
77 silly packumentCache full:https://registry.npmjs.org/passport-oauth2 set size:undefined disposed:false
78 http fetch GET 200 https://registry.npmjs.org/passport-oauth2 1185ms (cache miss)
79 silly packumentCache full:https://registry.npmjs.org/passport-oauth2 set size:undefined disposed:false
80 silly placeDep node_modules/express-session cookie-signature@1.0.7 OK for: express-session@1.18.1 want: 1.0.7
81 silly placeDep node_modules/express-session debug@2.6.9 OK for: express-session@1.18.1 want: 2.6.9
82 silly placeDep ROOT on-headers@1.0.2 OK for: express-session@1.18.1 want: ~1.0.2
83 silly placeDep ROOT uid-safe@2.1.5 OK for: express-session@1.18.1 want: ~2.1.5
84 silly fetch manifest ms@2.0.0
85 silly packumentCache full:https://registry.npmjs.org/ms cache-miss
86 silly fetch manifest random-bytes@~1.0.0
87 silly packumentCache full:https://registry.npmjs.org/random-bytes cache-miss
88 http fetch GET 200 https://registry.npmjs.org/random-bytes 117ms (cache miss)
89 silly packumentCache full:https://registry.npmjs.org/random-bytes set size:undefined disposed:false
90 http fetch GET 200 https://registry.npmjs.org/ms 140ms (cache revalidated)
91 silly packumentCache full:https://registry.npmjs.org/ms set size:84883 disposed:false
92 silly placeDep ROOT passport-strategy@1.0.0 OK for: passport@0.7.0 want: 1.x.x
93 silly placeDep ROOT pause@0.0.1 OK for: passport@0.7.0 want: 0.0.1
94 silly placeDep ROOT utils-merge@1.0.1 OK for: passport@0.7.0 want: ^1.0.1
95 silly placeDep ROOT passport-oauth2@1.8.0 OK for: passport-facebook@3.0.0 want: 1.x.x
96 silly fetch manifest base64url@3.x.x
97 silly packumentCache full:https://registry.npmjs.org/base64url cache-miss
98 silly fetch manifest oauth@0.10.x
99 silly packumentCache full:https://registry.npmjs.org/oauth cache-miss
100 silly fetch manifest uid2@0.0.x
101 silly packumentCache full:https://registry.npmjs.org/uid2 cache-miss
102 http fetch GET 200 https://registry.npmjs.org/base64url 120ms (cache miss)
103 silly packumentCache full:https://registry.npmjs.org/base64url set size:undefined disposed:false
104 http fetch GET 200 https://registry.npmjs.org/oauth 125ms (cache miss)
105 silly packumentCache full:https://registry.npmjs.org/oauth set size:undefined disposed:false
106 http fetch GET 200 https://registry.npmjs.org/uid2 133ms (cache miss)
107 silly packumentCache full:https://registry.npmjs.org/uid2 set size:undefined disposed:false
108 silly placeDep ROOT base64url@3.0.1 OK for: passport-oauth2@1.8.0 want: 3.x.x
109 silly placeDep ROOT oauth@0.10.2 OK for: passport-oauth2@1.8.0 want: 0.10.x
110 silly placeDep ROOT uid2@0.0.4 OK for: passport-oauth2@1.8.0 want: 0.0.x
111 silly placeDep ROOT random-bytes@1.0.0 OK for: uid-safe@2.1.5 want: ~1.0.0
112 silly placeDep node_modules/express-session ms@2.0.0 OK for: debug@2.6.9 want: 2.0.0
113 silly reify moves {}
114 silly audit bulk request {
114 silly audit   '@mongodb-js/saslprep': [ '1.3.0' ],
114 silly audit   '@types/webidl-conversions': [ '7.0.3' ],
114 silly audit   '@types/whatwg-url': [ '11.0.5' ],
114 silly audit   accepts: [ '2.0.0' ],
114 silly audit   'adler-32': [ '1.3.1' ],
114 silly audit   anymatch: [ '3.1.3' ],
114 silly audit   'append-field': [ '1.0.0' ],
114 silly audit   asynckit: [ '0.4.0' ],
114 silly audit   axios: [ '1.10.0' ],
114 silly audit   'balanced-match': [ '1.0.2' ],
114 silly audit   bcryptjs: [ '3.0.2' ],
114 silly audit   'binary-extensions': [ '2.3.0' ],
114 silly audit   'body-parser': [ '2.2.0' ],
114 silly audit   'brace-expansion': [ '1.1.12' ],
114 silly audit   braces: [ '3.0.3' ],
114 silly audit   bson: [ '6.10.4' ],
114 silly audit   'buffer-equal-constant-time': [ '1.0.1' ],
114 silly audit   'buffer-from': [ '1.1.2' ],
114 silly audit   busboy: [ '1.6.0' ],
114 silly audit   bytes: [ '3.1.2' ],
114 silly audit   'call-bind-apply-helpers': [ '1.0.2' ],
114 silly audit   'call-bound': [ '1.0.4' ],
114 silly audit   cfb: [ '1.2.2' ],
114 silly audit   chokidar: [ '3.6.0' ],
114 silly audit   codepage: [ '1.15.0' ],
114 silly audit   'combined-stream': [ '1.0.8' ],
114 silly audit   'concat-map': [ '0.0.1' ],
114 silly audit   'concat-stream': [ '2.0.0' ],
114 silly audit   'content-disposition': [ '1.0.0' ],
114 silly audit   'content-type': [ '1.0.5' ],
114 silly audit   cookie: [ '0.7.2' ],
114 silly audit   'cookie-signature': [ '1.2.2', '1.0.7' ],
114 silly audit   cors: [ '2.8.5' ],
114 silly audit   'crc-32': [ '1.2.2' ],
114 silly audit   debug: [ '4.4.1', '2.6.9' ],
114 silly audit   'delayed-stream': [ '1.0.0' ],
114 silly audit   depd: [ '2.0.0' ],
114 silly audit   dotenv: [ '17.0.0' ],
114 silly audit   'dunder-proto': [ '1.0.1' ],
114 silly audit   'ecdsa-sig-formatter': [ '1.0.11' ],
114 silly audit   'ee-first': [ '1.1.1' ],
114 silly audit   encodeurl: [ '2.0.0' ],
114 silly audit   'es-define-property': [ '1.0.1' ],
114 silly audit   'es-errors': [ '1.3.0' ],
114 silly audit   'es-object-atoms': [ '1.1.1' ],
114 silly audit   'es-set-tostringtag': [ '2.1.0' ],
114 silly audit   'escape-html': [ '1.0.3' ],
114 silly audit   etag: [ '1.8.1' ],
114 silly audit   express: [ '5.1.0' ],
114 silly audit   'fill-range': [ '7.1.1' ],
114 silly audit   finalhandler: [ '2.1.0' ],
114 silly audit   'follow-redirects': [ '1.15.9' ],
114 silly audit   'form-data': [ '4.0.3' ],
114 silly audit   'mime-db': [ '1.52.0', '1.54.0' ],
114 silly audit   'mime-types': [ '2.1.35', '3.0.1' ],
114 silly audit   forwarded: [ '0.2.0' ],
114 silly audit   frac: [ '1.1.2' ],
114 silly audit   fresh: [ '2.0.0' ],
114 silly audit   fsevents: [ '2.3.3' ],
114 silly audit   'function-bind': [ '1.1.2' ],
114 silly audit   'get-intrinsic': [ '1.3.0' ],
114 silly audit   'get-proto': [ '1.0.1' ],
114 silly audit   'glob-parent': [ '5.1.2' ],
114 silly audit   gopd: [ '1.2.0' ],
114 silly audit   'has-flag': [ '3.0.0' ],
114 silly audit   'has-symbols': [ '1.1.0' ],
114 silly audit   'has-tostringtag': [ '1.0.2' ],
114 silly audit   hasown: [ '2.0.2' ],
114 silly audit   'http-errors': [ '2.0.0' ],
114 silly audit   statuses: [ '2.0.1', '2.0.2' ],
114 silly audit   'iconv-lite': [ '0.6.3' ],
114 silly audit   'ignore-by-default': [ '1.0.1' ],
114 silly audit   inherits: [ '2.0.4' ],
114 silly audit   'ipaddr.js': [ '1.9.1' ],
114 silly audit   'is-binary-path': [ '2.1.0' ],
114 silly audit   'is-extglob': [ '2.1.1' ],
114 silly audit   'is-glob': [ '4.0.3' ],
114 silly audit   'is-number': [ '7.0.0' ],
114 silly audit   'is-promise': [ '4.0.0' ],
114 silly audit   jsonwebtoken: [ '9.0.2' ],
114 silly audit   jwa: [ '1.4.2' ],
114 silly audit   jws: [ '3.2.2' ],
114 silly audit   kareem: [ '2.6.3' ],
114 silly audit   'lodash.includes': [ '4.3.0' ],
114 silly audit   'lodash.isboolean': [ '3.0.3' ],
114 silly audit   'lodash.isinteger': [ '4.0.4' ],
114 silly audit   'lodash.isnumber': [ '3.0.3' ],
114 silly audit   'lodash.isplainobject': [ '4.0.6' ],
114 silly audit   'lodash.isstring': [ '4.0.1' ],
114 silly audit   'lodash.once': [ '4.1.1' ],
114 silly audit   'math-intrinsics': [ '1.1.0' ],
114 silly audit   'media-typer': [ '1.1.0', '0.3.0' ],
114 silly audit   'memory-pager': [ '1.5.0' ],
114 silly audit   'merge-descriptors': [ '2.0.0' ],
114 silly audit   minimatch: [ '3.1.2' ],
114 silly audit   minimist: [ '1.2.8' ],
114 silly audit   mkdirp: [ '0.5.6' ],
114 silly audit   mongodb: [ '6.17.0' ],
114 silly audit   'mongodb-connection-string-url': [ '3.0.2' ],
114 silly audit   mongoose: [ '8.16.1' ],
114 silly audit   mpath: [ '0.9.0' ],
114 silly audit   mquery: [ '5.0.0' ],
114 silly audit   ms: [ '2.1.3', '2.0.0' ],
114 silly audit   multer: [ '2.0.1' ],
114 silly audit   'type-is': [ '1.6.18', '2.0.1' ],
114 silly audit   negotiator: [ '1.0.0' ],
114 silly audit   nodemon: [ '3.1.10' ],
114 silly audit   'normalize-path': [ '3.0.0' ],
114 silly audit   'object-assign': [ '4.1.1' ],
114 silly audit   'object-inspect': [ '1.13.4' ],
114 silly audit   'on-finished': [ '2.4.1' ],
114 silly audit   once: [ '1.4.0' ],
114 silly audit   parseurl: [ '1.3.3' ],
114 silly audit   'path-to-regexp': [ '8.2.0' ],
114 silly audit   picomatch: [ '2.3.1' ],
114 silly audit   'proxy-addr': [ '2.0.7' ],
114 silly audit   'proxy-from-env': [ '1.1.0' ],
114 silly audit   'pstree.remy': [ '1.1.8' ],
114 silly audit   punycode: [ '2.3.1' ],
114 silly audit   qs: [ '6.14.0' ],
114 silly audit   'range-parser': [ '1.2.1' ],
114 silly audit   'raw-body': [ '3.0.0' ],
114 silly audit   'readable-stream': [ '3.6.2' ],
114 silly audit   readdirp: [ '3.6.0' ],
114 silly audit   router: [ '2.2.0' ],
114 silly audit   'safe-buffer': [ '5.2.1' ],
114 silly audit   'safer-buffer': [ '2.1.2' ],
114 silly audit   semver: [ '7.7.2' ],
114 silly audit   send: [ '1.2.0' ],
114 silly audit   'serve-static': [ '2.2.0' ],
114 silly audit   setprototypeof: [ '1.2.0' ],
114 silly audit   'side-channel': [ '1.1.0' ],
114 silly audit   'side-channel-list': [ '1.0.0' ],
114 silly audit   'side-channel-map': [ '1.0.1' ],
114 silly audit   'side-channel-weakmap': [ '1.0.2' ],
114 silly audit   sift: [ '17.1.3' ],
114 silly audit   'simple-update-notifier': [ '2.0.0' ],
114 silly audit   'sparse-bitfield': [ '3.0.3' ],
114 silly audit   ssf: [ '0.11.2' ],
114 silly audit   streamsearch: [ '1.1.0' ],
114 silly audit   string_decoder: [ '1.3.0' ],
114 silly audit   'supports-color': [ '5.5.0' ],
114 silly audit   'to-regex-range': [ '5.0.1' ],
114 silly audit   toidentifier: [ '1.0.1' ],
114 silly audit   touch: [ '3.1.1' ],
114 silly audit   tr46: [ '5.1.1' ],
114 silly audit   typedarray: [ '0.0.6' ],
114 silly audit   undefsafe: [ '2.0.5' ],
114 silly audit   unpipe: [ '1.0.0' ],
114 silly audit   'util-deprecate': [ '1.0.2' ],
114 silly audit   vary: [ '1.1.2' ],
114 silly audit   'webidl-conversions': [ '7.0.0' ],
114 silly audit   'whatwg-url': [ '14.2.0' ],
114 silly audit   wmf: [ '1.0.2' ],
114 silly audit   word: [ '0.3.0' ],
114 silly audit   wrappy: [ '1.0.2' ],
114 silly audit   xlsx: [ '0.18.5' ],
114 silly audit   xtend: [ '4.0.2' ],
114 silly audit   'express-session': [ '1.18.1' ],
114 silly audit   passport: [ '0.7.0' ],
114 silly audit   'passport-facebook': [ '3.0.0' ],
114 silly audit   'passport-github2': [ '0.1.12' ],
114 silly audit   'passport-google-oauth20': [ '2.0.0' ],
114 silly audit   'on-headers': [ '1.0.2' ],
114 silly audit   'uid-safe': [ '2.1.5' ],
114 silly audit   'passport-strategy': [ '1.0.0' ],
114 silly audit   pause: [ '0.0.1' ],
114 silly audit   'utils-merge': [ '1.0.1' ],
114 silly audit   'passport-oauth2': [ '1.8.0' ],
114 silly audit   base64url: [ '3.0.1' ],
114 silly audit   oauth: [ '0.10.2' ],
114 silly audit   uid2: [ '0.0.4' ],
114 silly audit   'random-bytes': [ '1.0.0' ]
114 silly audit }
115 verbose reify failed optional dependency C:\Users\Avi\OneDrive\Desktop\projects\eap\backend\node_modules\fsevents
116 silly reify mark deleted [
116 silly reify   'C:\\Users\\Avi\\OneDrive\\Desktop\\projects\\eap\\backend\\node_modules\\fsevents'
116 silly reify ]
117 http cache random-bytes@https://registry.npmjs.org/random-bytes/-/random-bytes-1.0.0.tgz 0ms (cache hit)
118 http cache uid2@https://registry.npmjs.org/uid2/-/uid2-0.0.4.tgz 0ms (cache hit)
119 http cache oauth@https://registry.npmjs.org/oauth/-/oauth-0.10.2.tgz 0ms (cache hit)
120 http cache base64url@https://registry.npmjs.org/base64url/-/base64url-3.0.1.tgz 0ms (cache hit)
121 http cache pause@https://registry.npmjs.org/pause/-/pause-0.0.1.tgz 0ms (cache hit)
122 http cache passport-oauth2@https://registry.npmjs.org/passport-oauth2/-/passport-oauth2-1.8.0.tgz 0ms (cache hit)
123 http cache utils-merge@https://registry.npmjs.org/utils-merge/-/utils-merge-1.0.1.tgz 0ms (cache hit)
124 http cache passport-strategy@https://registry.npmjs.org/passport-strategy/-/passport-strategy-1.0.0.tgz 0ms (cache hit)
125 http cache on-headers@https://registry.npmjs.org/on-headers/-/on-headers-1.0.2.tgz 1ms (cache hit)
126 http cache passport-google-oauth20@https://registry.npmjs.org/passport-google-oauth20/-/passport-google-oauth20-2.0.0.tgz 0ms (cache hit)
127 http cache passport-github2@https://registry.npmjs.org/passport-github2/-/passport-github2-0.1.12.tgz 0ms (cache hit)
128 http cache uid-safe@https://registry.npmjs.org/uid-safe/-/uid-safe-2.1.5.tgz 0ms (cache hit)
129 http cache passport-facebook@https://registry.npmjs.org/passport-facebook/-/passport-facebook-3.0.0.tgz 0ms (cache hit)
130 http cache express-session@https://registry.npmjs.org/express-session/-/express-session-1.18.1.tgz 0ms (cache hit)
131 http cache passport@https://registry.npmjs.org/passport/-/passport-0.7.0.tgz 0ms (cache hit)
132 http cache debug@https://registry.npmjs.org/debug/-/debug-2.6.9.tgz 0ms (cache hit)
133 http cache cookie-signature@https://registry.npmjs.org/cookie-signature/-/cookie-signature-1.0.7.tgz 0ms (cache hit)
134 http cache ms@https://registry.npmjs.org/ms/-/ms-2.0.0.tgz 0ms (cache hit)
135 silly tarball no local data for random-bytes@https://registry.npmjs.org/random-bytes/-/random-bytes-1.0.0.tgz. Extracting by manifest.
136 silly tarball no local data for uid2@https://registry.npmjs.org/uid2/-/uid2-0.0.4.tgz. Extracting by manifest.
137 silly tarball no local data for oauth@https://registry.npmjs.org/oauth/-/oauth-0.10.2.tgz. Extracting by manifest.
138 silly tarball no local data for base64url@https://registry.npmjs.org/base64url/-/base64url-3.0.1.tgz. Extracting by manifest.
139 silly tarball no local data for pause@https://registry.npmjs.org/pause/-/pause-0.0.1.tgz. Extracting by manifest.
140 silly tarball no local data for passport-oauth2@https://registry.npmjs.org/passport-oauth2/-/passport-oauth2-1.8.0.tgz. Extracting by manifest.
141 silly tarball no local data for utils-merge@https://registry.npmjs.org/utils-merge/-/utils-merge-1.0.1.tgz. Extracting by manifest.
142 silly tarball no local data for passport-strategy@https://registry.npmjs.org/passport-strategy/-/passport-strategy-1.0.0.tgz. Extracting by manifest.
143 silly tarball no local data for on-headers@https://registry.npmjs.org/on-headers/-/on-headers-1.0.2.tgz. Extracting by manifest.
144 silly tarball no local data for passport-google-oauth20@https://registry.npmjs.org/passport-google-oauth20/-/passport-google-oauth20-2.0.0.tgz. Extracting by manifest.
145 silly tarball no local data for passport-github2@https://registry.npmjs.org/passport-github2/-/passport-github2-0.1.12.tgz. Extracting by manifest.
146 silly tarball no local data for uid-safe@https://registry.npmjs.org/uid-safe/-/uid-safe-2.1.5.tgz. Extracting by manifest.
147 silly tarball no local data for passport-facebook@https://registry.npmjs.org/passport-facebook/-/passport-facebook-3.0.0.tgz. Extracting by manifest.
148 silly tarball no local data for express-session@https://registry.npmjs.org/express-session/-/express-session-1.18.1.tgz. Extracting by manifest.
149 silly tarball no local data for passport@https://registry.npmjs.org/passport/-/passport-0.7.0.tgz. Extracting by manifest.
150 silly tarball no local data for debug@https://registry.npmjs.org/debug/-/debug-2.6.9.tgz. Extracting by manifest.
151 silly tarball no local data for cookie-signature@https://registry.npmjs.org/cookie-signature/-/cookie-signature-1.0.7.tgz. Extracting by manifest.
152 silly tarball no local data for ms@https://registry.npmjs.org/ms/-/ms-2.0.0.tgz. Extracting by manifest.
153 http fetch GET 200 https://registry.npmjs.org/uid2/-/uid2-0.0.4.tgz 196ms (cache miss)
154 http fetch GET 200 https://registry.npmjs.org/random-bytes/-/random-bytes-1.0.0.tgz 215ms (cache miss)
155 http fetch GET 200 https://registry.npmjs.org/utils-merge/-/utils-merge-1.0.1.tgz 212ms (cache miss)
156 http fetch GET 200 https://registry.npmjs.org/pause/-/pause-0.0.1.tgz 216ms (cache miss)
157 http fetch GET 200 https://registry.npmjs.org/on-headers/-/on-headers-1.0.2.tgz 215ms (cache miss)
158 http fetch GET 200 https://registry.npmjs.org/passport-strategy/-/passport-strategy-1.0.0.tgz 229ms (cache miss)
159 http fetch GET 200 https://registry.npmjs.org/base64url/-/base64url-3.0.1.tgz 235ms (cache miss)
160 http fetch GET 200 https://registry.npmjs.org/oauth/-/oauth-0.10.2.tgz 272ms (cache miss)
161 http fetch GET 200 https://registry.npmjs.org/passport-oauth2/-/passport-oauth2-1.8.0.tgz 295ms (cache miss)
162 http fetch GET 200 https://registry.npmjs.org/ms/-/ms-2.0.0.tgz 288ms (cache miss)
163 http fetch GET 200 https://registry.npmjs.org/cookie-signature/-/cookie-signature-1.0.7.tgz 290ms (cache miss)
164 http fetch GET 200 https://registry.npmjs.org/debug/-/debug-2.6.9.tgz 323ms (cache miss)
165 http fetch GET 200 https://registry.npmjs.org/passport/-/passport-0.7.0.tgz 361ms (cache miss)
166 http fetch POST 200 https://registry.npmjs.org/-/npm/v1/security/advisories/bulk 420ms
167 silly audit report {
167 silly audit report   xlsx: [
167 silly audit report     {
167 silly audit report       id: 1094599,
167 silly audit report       url: 'https://github.com/advisories/GHSA-4r6h-8v6p-xvw6',
167 silly audit report       title: 'Prototype Pollution in sheetJS',
167 silly audit report       severity: 'high',
167 silly audit report       vulnerable_versions: '<0.19.3',
167 silly audit report       cwe: [Array],
167 silly audit report       cvss: [Object]
167 silly audit report     },
167 silly audit report     {
167 silly audit report       id: 1096911,
167 silly audit report       url: 'https://github.com/advisories/GHSA-5pgg-2g8v-p4x9',
167 silly audit report       title: 'SheetJS Regular Expression Denial of Service (ReDoS)',
167 silly audit report       severity: 'high',
167 silly audit report       vulnerable_versions: '<0.20.2',
167 silly audit report       cwe: [Array],
167 silly audit report       cvss: [Object]
167 silly audit report     }
167 silly audit report   ]
167 silly audit report }
168 silly packumentCache corgi:https://registry.npmjs.org/xlsx cache-miss
169 http fetch GET 200 https://registry.npmjs.org/passport-github2/-/passport-github2-0.1.12.tgz 430ms (cache miss)
170 http fetch GET 200 https://registry.npmjs.org/passport-google-oauth20/-/passport-google-oauth20-2.0.0.tgz 438ms (cache miss)
171 http fetch GET 200 https://registry.npmjs.org/uid-safe/-/uid-safe-2.1.5.tgz 437ms (cache miss)
172 http fetch GET 200 https://registry.npmjs.org/passport-facebook/-/passport-facebook-3.0.0.tgz 460ms (cache miss)
173 http fetch GET 200 https://registry.npmjs.org/express-session/-/express-session-1.18.1.tgz 466ms (cache miss)
174 http fetch GET 200 https://registry.npmjs.org/xlsx 302ms (cache revalidated)
175 silly packumentCache corgi:https://registry.npmjs.org/xlsx set size:134408 disposed:false
176 silly ADD node_modules/random-bytes
177 silly ADD node_modules/uid2
178 silly ADD node_modules/oauth
179 silly ADD node_modules/base64url
180 silly ADD node_modules/passport-oauth2
181 silly ADD node_modules/utils-merge
182 silly ADD node_modules/pause
183 silly ADD node_modules/passport-strategy
184 silly ADD node_modules/uid-safe
185 silly ADD node_modules/on-headers
186 silly ADD node_modules/passport-google-oauth20
187 silly ADD node_modules/passport-github2
188 silly ADD node_modules/passport-facebook
189 silly ADD node_modules/passport
190 silly ADD node_modules/express-session
191 silly ADD node_modules/express-session/node_modules/ms
192 silly ADD node_modules/express-session/node_modules/debug
193 silly ADD node_modules/express-session/node_modules/cookie-signature
194 silly ADD
195 verbose cwd C:\Users\Avi\OneDrive\Desktop\projects\eap\backend
196 verbose os Windows_NT 10.0.22631
197 verbose node v23.6.1
198 verbose npm  v10.9.2
199 verbose exit 0
200 info ok
