0 verbose cli C:\Program Files\nodejs\node.exe C:\Program Files\nodejs\node_modules\npm\bin\npm-cli.js
1 info using npm@10.9.2
2 info using node@v23.6.1
3 silly config load:file:C:\Program Files\nodejs\node_modules\npm\npmrc
4 silly config load:file:C:\Users\Avi\.npmrc
5 silly config load:file:C:\Users\Avi\OneDrive\Desktop\eap\UsersAviAppDataRoamingnpm\etc\npmrc
6 verbose title npm install axios react-router-dom
7 verbose argv "install" "axios" "react-router-dom"
8 verbose logfile logs-max:10 dir:C:\Users\Avi\OneDrive\Desktop\eap\UsersAviAppDataLocalnpm-cache\_logs\2025-06-28T13_48_12_871Z-
9 verbose logfile C:\Users\Avi\OneDrive\Desktop\eap\UsersAviAppDataLocalnpm-cache\_logs\2025-06-28T13_48_12_871Z-debug-0.log
10 silly logfile done cleaning log files
11 silly packumentCache heap:2197815296 maxSize:549453824 maxEntrySize:274726912
12 silly idealTree buildDeps
13 silly fetch manifest axios@^1.8.4
14 silly packumentCache full:https://registry.npmjs.org/axios cache-miss
15 http fetch GET 200 https://registry.npmjs.org/axios 1084ms (cache miss)
16 silly packumentCache full:https://registry.npmjs.org/axios set size:undefined disposed:false
17 silly fetch manifest react-router-dom@*
18 silly packumentCache full:https://registry.npmjs.org/react-router-dom cache-miss
19 http fetch GET 200 https://registry.npmjs.org/react-router-dom 410ms (cache miss)
20 silly packumentCache full:https://registry.npmjs.org/react-router-dom set size:undefined disposed:false
21 silly fetch manifest react@^19.0.0
22 silly packumentCache full:https://registry.npmjs.org/react cache-miss
23 http fetch GET 200 https://registry.npmjs.org/react 198ms (cache revalidated)
24 silly packumentCache full:https://registry.npmjs.org/react set size:5808624 disposed:false
25 silly fetch manifest react-dom@>=18
26 silly packumentCache full:https://registry.npmjs.org/react-dom cache-miss
27 http fetch GET 200 https://registry.npmjs.org/react-dom 175ms (cache revalidated)
28 silly packumentCache full:https://registry.npmjs.org/react-dom set size:7426583 disposed:false
29 silly placeDep ROOT axios@1.10.0 REPLACE for:  want: ^1.8.4
30 silly placeDep ROOT react-router-dom@7.6.3 OK for:  want: *
31 silly placeDep ROOT react-dom@19.1.0 OK for: react-router-dom@7.6.3 want: >=18
32 silly fetch manifest react-router@7.6.3
33 silly packumentCache full:https://registry.npmjs.org/react-router cache-miss
34 silly fetch manifest scheduler@^0.26.0
35 silly packumentCache full:https://registry.npmjs.org/scheduler cache-miss
36 http fetch GET 200 https://registry.npmjs.org/react-router 342ms (cache miss)
37 silly packumentCache full:https://registry.npmjs.org/react-router set size:undefined disposed:false
38 http fetch GET 200 https://registry.npmjs.org/scheduler 578ms (cache revalidated)
39 silly packumentCache full:https://registry.npmjs.org/scheduler set size:4879017 disposed:false
40 silly placeDep ROOT scheduler@0.26.0 OK for: react-dom@19.1.0 want: ^0.26.0
41 silly fetch manifest react@>=18
42 silly packumentCache full:https://registry.npmjs.org/react cache-miss
43 http cache https://registry.npmjs.org/react 25ms (cache hit)
44 silly packumentCache full:https://registry.npmjs.org/react set size:5808624 disposed:false
45 silly placeDep ROOT react-router@7.6.3 OK for: react-router-dom@7.6.3 want: 7.6.3
46 silly fetch manifest cookie@^1.0.1
47 silly packumentCache full:https://registry.npmjs.org/cookie cache-miss
48 silly fetch manifest set-cookie-parser@^2.6.0
49 silly packumentCache full:https://registry.npmjs.org/set-cookie-parser cache-miss
50 http fetch GET 200 https://registry.npmjs.org/cookie 163ms (cache revalidated)
51 silly packumentCache full:https://registry.npmjs.org/cookie set size:67180 disposed:false
52 http fetch GET 200 https://registry.npmjs.org/set-cookie-parser 174ms (cache miss)
53 silly packumentCache full:https://registry.npmjs.org/set-cookie-parser set size:undefined disposed:false
54 silly placeDep node_modules/react-router cookie@1.0.2 OK for: react-router@7.6.3 want: ^1.0.1
55 silly placeDep ROOT set-cookie-parser@2.7.1 OK for: react-router@7.6.3 want: ^2.6.0
56 silly reify mark retired [ 'C:\\Users\\Avi\\node_modules\\axios' ]
57 silly reify moves {
57 silly reify   'C:\\Users\\Avi\\node_modules\\axios': 'C:\\Users\\Avi\\node_modules\\.axios-FR5HbVo6'
57 silly reify }
58 silly audit bulk request {
58 silly audit   '@mongodb-js/saslprep': [ '1.2.2' ],
58 silly audit   '@types/webidl-conversions': [ '7.0.3' ],
58 silly audit   '@types/whatwg-url': [ '11.0.5' ],
58 silly audit   accepts: [ '1.3.8' ],
58 silly audit   anymatch: [ '3.1.3' ],
58 silly audit   'append-field': [ '1.0.0' ],
58 silly audit   'array-flatten': [ '1.1.1' ],
58 silly audit   asynckit: [ '0.4.0' ],
58 silly audit   autoprefixer: [ '10.4.21' ],
58 silly audit   'balanced-match': [ '1.0.2' ],
58 silly audit   bcryptjs: [ '3.0.2' ],
58 silly audit   'binary-extensions': [ '2.3.0' ],
58 silly audit   'body-parser': [ '2.2.0', '1.20.3' ],
58 silly audit   debug: [ '4.4.1', '2.6.9', '4.4.0' ],
58 silly audit   'media-typer': [ '1.1.0', '0.3.0' ],
58 silly audit   'mime-db': [ '1.54.0', '1.52.0' ],
58 silly audit   'mime-types': [ '3.0.1', '2.1.35' ],
58 silly audit   ms: [ '2.1.3', '2.0.0' ],
58 silly audit   qs: [ '6.14.0', '6.13.0' ],
58 silly audit   'type-is': [ '2.0.1', '1.6.18' ],
58 silly audit   'brace-expansion': [ '1.1.11' ],
58 silly audit   braces: [ '3.0.3' ],
58 silly audit   browserslist: [ '4.24.4' ],
58 silly audit   bson: [ '6.10.3' ],
58 silly audit   'buffer-equal-constant-time': [ '1.0.1' ],
58 silly audit   'buffer-from': [ '1.1.2' ],
58 silly audit   busboy: [ '1.6.0' ],
58 silly audit   bytes: [ '3.1.2' ],
58 silly audit   'call-bind-apply-helpers': [ '1.0.2' ],
58 silly audit   'call-bound': [ '1.0.4' ],
58 silly audit   'caniuse-lite': [ '1.0.30001712' ],
58 silly audit   chokidar: [ '3.6.0' ],
58 silly audit   'combined-stream': [ '1.0.8' ],
58 silly audit   'concat-map': [ '0.0.1' ],
58 silly audit   'concat-stream': [ '1.6.2' ],
58 silly audit   'content-disposition': [ '0.5.4' ],
58 silly audit   'content-type': [ '1.0.5' ],
58 silly audit   cookie: [ '0.7.1', '0.7.2', '1.0.2' ],
58 silly audit   'cookie-signature': [ '1.0.6', '1.0.7' ],
58 silly audit   'core-util-is': [ '1.0.3' ],
58 silly audit   cors: [ '2.8.5' ],
58 silly audit   'delayed-stream': [ '1.0.0' ],
58 silly audit   depd: [ '2.0.0' ],
58 silly audit   destroy: [ '1.2.0' ],
58 silly audit   dotenv: [ '16.4.7' ],
58 silly audit   'dunder-proto': [ '1.0.1' ],
58 silly audit   'ecdsa-sig-formatter': [ '1.0.11' ],
58 silly audit   'ee-first': [ '1.1.1' ],
58 silly audit   'electron-to-chromium': [ '1.5.135' ],
58 silly audit   encodeurl: [ '2.0.0', '1.0.2' ],
58 silly audit   'es-define-property': [ '1.0.1' ],
58 silly audit   'es-errors': [ '1.3.0' ],
58 silly audit   'es-object-atoms': [ '1.1.1' ],
58 silly audit   'es-set-tostringtag': [ '2.1.0' ],
58 silly audit   escalade: [ '3.2.0' ],
58 silly audit   'escape-html': [ '1.0.3' ],
58 silly audit   etag: [ '1.8.1' ],
58 silly audit   express: [ '4.21.2' ],
58 silly audit   'express-session': [ '1.18.1' ],
58 silly audit   'iconv-lite': [ '0.4.24', '0.6.3' ],
58 silly audit   'raw-body': [ '2.5.2', '3.0.0' ],
58 silly audit   'fill-range': [ '7.1.1' ],
58 silly audit   finalhandler: [ '1.3.1' ],
58 silly audit   'follow-redirects': [ '1.15.9' ],
58 silly audit   'form-data': [ '4.0.2' ],
58 silly audit   forwarded: [ '0.2.0' ],
58 silly audit   'fraction.js': [ '4.3.7' ],
58 silly audit   'framer-motion': [ '12.18.1' ],
58 silly audit   fresh: [ '0.5.2' ],
58 silly audit   fsevents: [ '2.3.3' ],
58 silly audit   'function-bind': [ '1.1.2' ],
58 silly audit   'get-intrinsic': [ '1.3.0' ],
58 silly audit   'get-proto': [ '1.0.1' ],
58 silly audit   'glob-parent': [ '5.1.2' ],
58 silly audit   gopd: [ '1.2.0' ],
58 silly audit   'has-flag': [ '3.0.0' ],
58 silly audit   'has-symbols': [ '1.1.0' ],
58 silly audit   'has-tostringtag': [ '1.0.2' ],
58 silly audit   hasown: [ '2.0.2' ],
58 silly audit   'http-errors': [ '2.0.0' ],
58 silly audit   'ignore-by-default': [ '1.0.1' ],
58 silly audit   inherits: [ '2.0.4' ],
58 silly audit   'ipaddr.js': [ '1.9.1' ],
58 silly audit   'is-binary-path': [ '2.1.0' ],
58 silly audit   'is-extglob': [ '2.1.1' ],
58 silly audit   'is-glob': [ '4.0.3' ],
58 silly audit   'is-number': [ '7.0.0' ],
58 silly audit   isarray: [ '1.0.0' ],
58 silly audit   jsonwebtoken: [ '9.0.2' ],
58 silly audit   jwa: [ '1.4.1' ],
58 silly audit   jws: [ '3.2.2' ],
58 silly audit   kareem: [ '2.6.3' ],
58 silly audit   'lodash.includes': [ '4.3.0' ],
58 silly audit   'lodash.isboolean': [ '3.0.3' ],
58 silly audit   'lodash.isinteger': [ '4.0.4' ],
58 silly audit   'lodash.isnumber': [ '3.0.3' ],
58 silly audit   'lodash.isplainobject': [ '4.0.6' ],
58 silly audit   'lodash.isstring': [ '4.0.1' ],
58 silly audit   'lodash.once': [ '4.1.1' ],
58 silly audit   'math-intrinsics': [ '1.1.0' ],
58 silly audit   'memory-pager': [ '1.5.0' ],
58 silly audit   'merge-descriptors': [ '1.0.3' ],
58 silly audit   methods: [ '1.1.2' ],
58 silly audit   mime: [ '1.6.0' ],
58 silly audit   minimatch: [ '3.1.2' ],
58 silly audit   minimist: [ '1.2.8' ],
58 silly audit   mkdirp: [ '0.5.6' ],
58 silly audit   mongodb: [ '6.15.0' ],
58 silly audit   'mongodb-connection-string-url': [ '3.0.2' ],
58 silly audit   mongoose: [ '8.13.2' ],
58 silly audit   'motion-dom': [ '12.18.1' ],
58 silly audit   'motion-utils': [ '12.18.1' ],
58 silly audit   mpath: [ '0.9.0' ],
58 silly audit   mquery: [ '5.0.0' ],
58 silly audit   multer: [ '1.4.5-lts.2' ],
58 silly audit   nanoid: [ '3.3.11' ],
58 silly audit   negotiator: [ '0.6.3' ],
58 silly audit   'node-releases': [ '2.0.19' ],
58 silly audit   nodemon: [ '3.1.9' ],
58 silly audit   'normalize-path': [ '3.0.0' ],
58 silly audit   'normalize-range': [ '0.1.2' ],
58 silly audit   'object-assign': [ '4.1.1' ],
58 silly audit   'object-inspect': [ '1.13.4' ],
58 silly audit   'on-finished': [ '2.4.1' ],
58 silly audit   'on-headers': [ '1.0.2' ],
58 silly audit   parseurl: [ '1.3.3' ],
58 silly audit   'path-to-regexp': [ '0.1.12' ],
58 silly audit   picocolors: [ '1.1.1' ],
58 silly audit   picomatch: [ '2.3.1' ],
58 silly audit   postcss: [ '8.5.3' ],
58 silly audit   'postcss-value-parser': [ '4.2.0' ],
58 silly audit   'process-nextick-args': [ '2.0.1' ],
58 silly audit   'proxy-addr': [ '2.0.7' ],
58 silly audit   'proxy-from-env': [ '1.1.0' ],
58 silly audit   'pstree.remy': [ '1.1.8' ],
58 silly audit   punycode: [ '2.3.1' ],
58 silly audit   'random-bytes': [ '1.0.0' ],
58 silly audit   'range-parser': [ '1.2.1' ],
58 silly audit   react: [ '19.1.0' ],
58 silly audit   'react-icons': [ '5.5.0' ],
58 silly audit   'readable-stream': [ '2.3.8' ],
58 silly audit   'safe-buffer': [ '5.1.2', '5.2.1' ],
58 silly audit   readdirp: [ '3.6.0' ],
58 silly audit   'safer-buffer': [ '2.1.2' ],
58 silly audit   semver: [ '7.7.1' ],
58 silly audit   send: [ '0.19.0' ],
58 silly audit   'serve-static': [ '1.16.2' ],
58 silly audit   setprototypeof: [ '1.2.0' ],
58 silly audit   'side-channel': [ '1.1.0' ],
58 silly audit   'side-channel-list': [ '1.0.0' ],
58 silly audit   'side-channel-map': [ '1.0.1' ],
58 silly audit   'side-channel-weakmap': [ '1.0.2' ],
58 silly audit   sift: [ '17.1.3' ],
58 silly audit   'simple-update-notifier': [ '2.0.0' ],
58 silly audit   'source-map-js': [ '1.2.1' ],
58 silly audit   'sparse-bitfield': [ '3.0.3' ],
58 silly audit   statuses: [ '2.0.1' ],
58 silly audit   streamsearch: [ '1.1.0' ],
58 silly audit   string_decoder: [ '1.1.1' ],
58 silly audit   'supports-color': [ '5.5.0' ],
58 silly audit   tailwindcss: [ '4.1.3' ],
58 silly audit   'to-regex-range': [ '5.0.1' ],
58 silly audit   toidentifier: [ '1.0.1' ],
58 silly audit   touch: [ '3.1.1' ],
58 silly audit   tr46: [ '5.1.0' ],
58 silly audit   tslib: [ '2.8.1' ],
58 silly audit   typedarray: [ '0.0.6' ],
58 silly audit   'uid-safe': [ '2.1.5' ],
58 silly audit   undefsafe: [ '2.0.5' ],
58 silly audit   unpipe: [ '1.0.0' ],
58 silly audit   'update-browserslist-db': [ '1.1.3' ],
58 silly audit   'util-deprecate': [ '1.0.2' ],
58 silly audit   'utils-merge': [ '1.0.1' ],
58 silly audit   vary: [ '1.1.2' ],
58 silly audit   'webidl-conversions': [ '7.0.0' ],
58 silly audit   'whatwg-url': [ '14.2.0' ],
58 silly audit   xtend: [ '4.0.2' ],
58 silly audit   axios: [ '1.10.0' ],
58 silly audit   'react-router-dom': [ '7.6.3' ],
58 silly audit   'react-dom': [ '19.1.0' ],
58 silly audit   scheduler: [ '0.26.0' ],
58 silly audit   'react-router': [ '7.6.3' ],
58 silly audit   'set-cookie-parser': [ '2.7.1' ]
58 silly audit }
59 verbose reify failed optional dependency C:\Users\Avi\node_modules\fsevents
60 silly reify mark deleted [ 'C:\\Users\\Avi\\node_modules\\fsevents' ]
61 http cache scheduler@https://registry.npmjs.org/scheduler/-/scheduler-0.26.0.tgz 0ms (cache hit)
62 http cache react-dom@https://registry.npmjs.org/react-dom/-/react-dom-19.1.0.tgz 0ms (cache hit)
63 http cache react-router@https://registry.npmjs.org/react-router/-/react-router-7.6.3.tgz 0ms (cache hit)
64 http cache set-cookie-parser@https://registry.npmjs.org/set-cookie-parser/-/set-cookie-parser-2.7.1.tgz 0ms (cache hit)
65 http cache react-router-dom@https://registry.npmjs.org/react-router-dom/-/react-router-dom-7.6.3.tgz 0ms (cache hit)
66 http cache cookie@https://registry.npmjs.org/cookie/-/cookie-1.0.2.tgz 0ms (cache hit)
67 http cache axios@https://registry.npmjs.org/axios/-/axios-1.10.0.tgz 0ms (cache hit)
68 silly tarball no local data for react-router@https://registry.npmjs.org/react-router/-/react-router-7.6.3.tgz. Extracting by manifest.
69 silly tarball no local data for set-cookie-parser@https://registry.npmjs.org/set-cookie-parser/-/set-cookie-parser-2.7.1.tgz. Extracting by manifest.
70 silly tarball no local data for react-router-dom@https://registry.npmjs.org/react-router-dom/-/react-router-dom-7.6.3.tgz. Extracting by manifest.
71 silly tarball no local data for cookie@https://registry.npmjs.org/cookie/-/cookie-1.0.2.tgz. Extracting by manifest.
72 silly tarball no local data for axios@https://registry.npmjs.org/axios/-/axios-1.10.0.tgz. Extracting by manifest.
73 http fetch POST 200 https://registry.npmjs.org/-/npm/v1/security/advisories/bulk 541ms
74 silly audit report {
74 silly audit report   'brace-expansion': [
74 silly audit report     {
74 silly audit report       id: 1105443,
74 silly audit report       url: 'https://github.com/advisories/GHSA-v6h2-p8h4-qcjw',
74 silly audit report       title: 'brace-expansion Regular Expression Denial of Service vulnerability',
74 silly audit report       severity: 'low',
74 silly audit report       vulnerable_versions: '>=1.0.0 <=1.1.11',
74 silly audit report       cwe: [Array],
74 silly audit report       cvss: [Object]
74 silly audit report     }
74 silly audit report   ]
74 silly audit report }
75 silly packumentCache corgi:https://registry.npmjs.org/brace-expansion cache-miss
76 http fetch GET 200 https://registry.npmjs.org/react-router/-/react-router-7.6.3.tgz 604ms (cache miss)
77 http fetch GET 200 https://registry.npmjs.org/brace-expansion 172ms (cache miss)
78 silly packumentCache corgi:https://registry.npmjs.org/brace-expansion set size:undefined disposed:false
79 silly packumentCache corgi:https://registry.npmjs.org/minimatch cache-miss
80 http fetch GET 200 https://registry.npmjs.org/set-cookie-parser/-/set-cookie-parser-2.7.1.tgz 783ms (cache miss)
81 http fetch GET 200 https://registry.npmjs.org/react-router-dom/-/react-router-dom-7.6.3.tgz 812ms (cache miss)
82 http fetch GET 200 https://registry.npmjs.org/cookie/-/cookie-1.0.2.tgz 827ms (cache miss)
83 http fetch GET 200 https://registry.npmjs.org/minimatch 158ms (cache miss)
84 silly packumentCache corgi:https://registry.npmjs.org/minimatch set size:undefined disposed:false
85 http fetch GET 200 https://registry.npmjs.org/axios/-/axios-1.10.0.tgz 1389ms (cache miss)
86 silly ADD node_modules/set-cookie-parser
87 silly ADD node_modules/react-router
88 silly ADD node_modules/react-router/node_modules/cookie
89 silly ADD node_modules/scheduler
90 silly ADD node_modules/react-dom
91 silly ADD node_modules/react-router-dom
92 silly ADD
93 silly CHANGE node_modules/axios
94 verbose cwd C:\Users\Avi\OneDrive\Desktop\eap
95 verbose os Windows_NT 10.0.22631
96 verbose node v23.6.1
97 verbose npm  v10.9.2
98 verbose exit 0
99 info ok
