0 verbose cli C:\Program Files\nodejs\node.exe C:\Program Files\nodejs\node_modules\npm\bin\npm-cli.js
1 info using npm@10.9.2
2 info using node@v23.6.1
3 silly config load:file:C:\Program Files\nodejs\node_modules\npm\npmrc
4 silly config load:file:C:\Users\Avi\.npmrc
5 silly config load:file:C:\Users\Avi\OneDrive\Desktop\eap\UsersAviAppDataRoamingnpm\etc\npmrc
6 verbose title npm exec tailwindcss init -p
7 verbose argv "exec" "--" "tailwindcss" "init" "-p"
8 verbose logfile logs-max:10 dir:C:\Users\Avi\OneDrive\Desktop\eap\UsersAviAppDataLocalnpm-cache\_logs\2025-06-28T14_40_47_427Z-
9 verbose logfile C:\Users\Avi\OneDrive\Desktop\eap\UsersAviAppDataLocalnpm-cache\_logs\2025-06-28T14_40_47_427Z-debug-0.log
10 silly logfile start cleaning logs, removing 1 files
11 silly logfile done cleaning log files
12 silly packumentCache heap:2197815296 maxSize:549453824 maxEntrySize:274726912
13 verbose stack Error: could not determine executable to run
13 verbose stack     at getBinFromManifest (C:\Program Files\nodejs\node_modules\npm\node_modules\libnpmexec\lib\get-bin-from-manifest.js:17:23)
13 verbose stack     at exec (C:\Program Files\nodejs\node_modules\npm\node_modules\libnpmexec\lib\index.js:202:15)
13 verbose stack     at async Npm.exec (C:\Program Files\nodejs\node_modules\npm\lib\npm.js:207:9)
13 verbose stack     at async module.exports (C:\Program Files\nodejs\node_modules\npm\lib\cli\entry.js:74:5)
14 verbose pkgid tailwindcss@4.1.11
15 error could not determine executable to run
16 verbose cwd C:\Users\Avi\OneDrive\Desktop\eap
17 verbose os Windows_NT 10.0.22631
18 verbose node v23.6.1
19 verbose npm  v10.9.2
20 verbose exit 1
21 verbose code 1
22 error A complete log of this run can be found in: C:\Users\Avi\OneDrive\Desktop\eap\UsersAviAppDataLocalnpm-cache\_logs\2025-06-28T14_40_47_427Z-debug-0.log
